2022-08-25 16:58:56,981 [Worker-3: Loading available Gradle versions] INFO  o.e.b.c.i.u.g.PublishedGradleVersions - Gradle version information cache is up-to-date. Trying to read.
2022-08-25 17:30:36,873 [Worker-0: Loading available Gradle versions] INFO  o.e.b.c.i.u.g.PublishedGradleVersions - Gradle version information cache is up-to-date. Trying to read.
2022-08-27 19:54:59,221 [Worker-5: Loading available Gradle versions] INFO  o.e.b.c.i.u.g.PublishedGradleVersions - Gradle version information cache is up-to-date. Trying to read.
2022-08-27 23:39:46,495 [Worker-6: Loading available Gradle versions] INFO  o.e.b.c.i.u.g.PublishedGradleVersions - Gradle version information cache is up-to-date. Trying to read.
2022-08-27 23:53:53,561 [Worker-6: Loading available Gradle versions] INFO  o.e.b.c.i.u.g.PublishedGradleVersions - Gradle version information cache is up-to-date. Trying to read.
2022-08-29 08:20:36,964 [Worker-1: Loading available Gradle versions] INFO  o.e.b.c.i.u.g.PublishedGradleVersions - Gradle version information cache is up-to-date. Trying to read.
2022-08-29 11:24:09,302 [Worker-4: Loading available Gradle versions] INFO  o.e.b.c.i.u.g.PublishedGradleVersions - Gradle version information cache is up-to-date. Trying to read.
2022-08-30 08:51:55,446 [Worker-2: Loading available Gradle versions] INFO  o.e.b.c.i.u.g.PublishedGradleVersions - Gradle version information cache is up-to-date. Trying to read.
2022-09-01 14:14:09,811 [Worker-7: Loading available Gradle versions] INFO  o.e.b.c.i.u.g.PublishedGradleVersions - Gradle version information cache is up-to-date. Trying to read.
2022-09-01 15:24:12,693 [Worker-6: Loading available Gradle versions] INFO  o.e.b.c.i.u.g.PublishedGradleVersions - Gradle version information cache is up-to-date. Trying to read.
2022-09-01 20:00:13,388 [Worker-6: Loading available Gradle versions] INFO  o.e.b.c.i.u.g.PublishedGradleVersions - Gradle version information cache is out-of-date. Trying to update.
2022-09-04 15:25:56,847 [Worker-4: Loading available Gradle versions] INFO  o.e.b.c.i.u.g.PublishedGradleVersions - Gradle version information cache is out-of-date. Trying to update.
2022-09-04 23:41:36,835 [Worker-4: Loading available Gradle versions] INFO  o.e.b.c.i.u.g.PublishedGradleVersions - Gradle version information cache is up-to-date. Trying to read.
2022-09-05 11:48:58,911 [Worker-5: Loading available Gradle versions] INFO  o.e.b.c.i.u.g.PublishedGradleVersions - Gradle version information cache is up-to-date. Trying to read.
2022-09-06 08:41:56,802 [Worker-7: Loading available Gradle versions] INFO  o.e.b.c.i.u.g.PublishedGradleVersions - Gradle version information cache is out-of-date. Trying to update.
2022-09-06 12:29:41,871 [Worker-6: Loading available Gradle versions] INFO  o.e.b.c.i.u.g.PublishedGradleVersions - Gradle version information cache is up-to-date. Trying to read.
2022-09-06 12:50:56,455 [Worker-4: Loading available Gradle versions] INFO  o.e.b.c.i.u.g.PublishedGradleVersions - Gradle version information cache is up-to-date. Trying to read.
2022-09-06 20:56:42,220 [Worker-9: Loading available Gradle versions] INFO  o.e.b.c.i.u.g.PublishedGradleVersions - Gradle version information cache is up-to-date. Trying to read.
2022-09-07 07:37:19,848 [Worker-5: Loading available Gradle versions] INFO  o.e.b.c.i.u.g.PublishedGradleVersions - Gradle version information cache is up-to-date. Trying to read.
2022-09-08 14:24:41,119 [main] ERROR org.eclipse.jgit.util.SystemReader - Creating XDG_CONFIG_HOME directory H:\.config failed
java.nio.file.FileSystemException: H:\.config: Unable to determine if root directory exists
	at java.base/java.nio.file.Files.createDirectories(Files.java:776) ~[na:na]
	at org.eclipse.jgit.util.SystemReader$Default.getXDGConfigHome(SystemReader.java:120) ~[na:na]
	at org.eclipse.jgit.util.SystemReader$Default.openJGitConfig(SystemReader.java:131) ~[na:na]
	at org.eclipse.jgit.util.SystemReader.getJGitConfig(SystemReader.java:348) ~[na:na]
	at org.eclipse.jgit.util.SystemReader.getSystemConfig(SystemReader.java:373) ~[na:na]
	at org.eclipse.jgit.util.SystemReader.getUserConfig(SystemReader.java:321) ~[na:na]
	at org.eclipse.egit.core.Activator$EclipseSystemReader.getUserConfig(Activator.java:1177) ~[na:na]
	at org.eclipse.jgit.util.Monitoring.registerMBean(Monitoring.java:54) ~[na:na]
	at org.eclipse.jgit.internal.storage.file.WindowCache.<init>(WindowCache.java:474) ~[na:na]
	at org.eclipse.jgit.internal.storage.file.WindowCache.reconfigure(WindowCache.java:362) ~[na:na]
	at org.eclipse.jgit.internal.storage.file.WindowCache.<clinit>(WindowCache.java:343) ~[na:na]
	at org.eclipse.jgit.storage.file.WindowCacheConfig.install(WindowCacheConfig.java:304) ~[na:na]
	at org.eclipse.egit.core.project.GitProjectData.reconfigureWindowCache(GitProjectData.java:429) ~[na:na]
	at org.eclipse.egit.core.Activator.start(Activator.java:260) ~[na:na]
	at org.eclipse.osgi.internal.framework.BundleContextImpl$3.run(BundleContextImpl.java:843) ~[org.eclipse.osgi_3.15.300.v20200520-1959.jar:na]
	at org.eclipse.osgi.internal.framework.BundleContextImpl$3.run(BundleContextImpl.java:1) ~[org.eclipse.osgi_3.15.300.v20200520-1959.jar:na]
	at java.base/java.security.AccessController.doPrivileged(AccessController.java:554) ~[na:na]
	at org.eclipse.osgi.internal.framework.BundleContextImpl.startActivator(BundleContextImpl.java:835) ~[org.eclipse.osgi_3.15.300.v20200520-1959.jar:na]
	at org.eclipse.osgi.internal.framework.BundleContextImpl.start(BundleContextImpl.java:792) ~[org.eclipse.osgi_3.15.300.v20200520-1959.jar:na]
	at org.eclipse.osgi.internal.framework.EquinoxBundle.startWorker0(EquinoxBundle.java:1015) ~[org.eclipse.osgi_3.15.300.v20200520-1959.jar:na]
	at org.eclipse.osgi.internal.framework.EquinoxBundle$EquinoxModule.startWorker(EquinoxBundle.java:365) ~[org.eclipse.osgi_3.15.300.v20200520-1959.jar:na]
	at org.eclipse.osgi.container.Module.doStart(Module.java:605) ~[org.eclipse.osgi_3.15.300.v20200520-1959.jar:na]
	at org.eclipse.osgi.container.Module.start(Module.java:468) ~[org.eclipse.osgi_3.15.300.v20200520-1959.jar:na]
	at org.eclipse.osgi.framework.util.SecureAction.start(SecureAction.java:493) ~[org.eclipse.osgi_3.15.300.v20200520-1959.jar:na]
	at org.eclipse.osgi.internal.hooks.EclipseLazyStarter.postFindLocalClass(EclipseLazyStarter.java:117) ~[na:na]
	at org.eclipse.osgi.internal.loader.classpath.ClasspathManager.findLocalClass(ClasspathManager.java:571) ~[org.eclipse.osgi_3.15.300.v20200520-1959.jar:na]
	at org.eclipse.osgi.internal.loader.ModuleClassLoader.findLocalClass(ModuleClassLoader.java:346) ~[org.eclipse.osgi_3.15.300.v20200520-1959.jar:na]
	at org.eclipse.osgi.internal.loader.BundleLoader.findLocalClass(BundleLoader.java:398) ~[org.eclipse.osgi_3.15.300.v20200520-1959.jar:na]
	at org.eclipse.osgi.internal.loader.sources.SingleSourcePackage.loadClass(SingleSourcePackage.java:41) ~[org.eclipse.osgi_3.15.300.v20200520-1959.jar:na]
	at org.eclipse.osgi.internal.loader.BundleLoader.findClass(BundleLoader.java:456) ~[org.eclipse.osgi_3.15.300.v20200520-1959.jar:na]
	at org.eclipse.osgi.internal.loader.ModuleClassLoader.loadClass(ModuleClassLoader.java:171) ~[org.eclipse.osgi_3.15.300.v20200520-1959.jar:na]
	at java.base/java.lang.ClassLoader.loadClass(ClassLoader.java:522) ~[na:na]
	at org.eclipse.egit.ui.Activator$RepositoryChangeScanner.<init>(Activator.java:632) ~[na:na]
	at org.eclipse.egit.ui.Activator.setupRepoChangeScanner(Activator.java:897) ~[na:na]
	at org.eclipse.egit.ui.Activator.start(Activator.java:348) ~[na:na]
	at org.eclipse.osgi.internal.framework.BundleContextImpl$3.run(BundleContextImpl.java:843) ~[org.eclipse.osgi_3.15.300.v20200520-1959.jar:na]
	at org.eclipse.osgi.internal.framework.BundleContextImpl$3.run(BundleContextImpl.java:1) ~[org.eclipse.osgi_3.15.300.v20200520-1959.jar:na]
	at java.base/java.security.AccessController.doPrivileged(AccessController.java:554) ~[na:na]
	at org.eclipse.osgi.internal.framework.BundleContextImpl.startActivator(BundleContextImpl.java:835) ~[org.eclipse.osgi_3.15.300.v20200520-1959.jar:na]
	at org.eclipse.osgi.internal.framework.BundleContextImpl.start(BundleContextImpl.java:792) ~[org.eclipse.osgi_3.15.300.v20200520-1959.jar:na]
	at org.eclipse.osgi.internal.framework.EquinoxBundle.startWorker0(EquinoxBundle.java:1015) ~[org.eclipse.osgi_3.15.300.v20200520-1959.jar:na]
	at org.eclipse.osgi.internal.framework.EquinoxBundle$EquinoxModule.startWorker(EquinoxBundle.java:365) ~[org.eclipse.osgi_3.15.300.v20200520-1959.jar:na]
	at org.eclipse.osgi.container.Module.doStart(Module.java:605) ~[org.eclipse.osgi_3.15.300.v20200520-1959.jar:na]
	at org.eclipse.osgi.container.Module.start(Module.java:468) ~[org.eclipse.osgi_3.15.300.v20200520-1959.jar:na]
	at org.eclipse.osgi.framework.util.SecureAction.start(SecureAction.java:493) ~[org.eclipse.osgi_3.15.300.v20200520-1959.jar:na]
	at org.eclipse.osgi.internal.hooks.EclipseLazyStarter.postFindLocalClass(EclipseLazyStarter.java:117) ~[na:na]
	at org.eclipse.osgi.internal.loader.classpath.ClasspathManager.findLocalClass(ClasspathManager.java:571) ~[org.eclipse.osgi_3.15.300.v20200520-1959.jar:na]
	at org.eclipse.osgi.internal.loader.ModuleClassLoader.findLocalClass(ModuleClassLoader.java:346) ~[org.eclipse.osgi_3.15.300.v20200520-1959.jar:na]
	at org.eclipse.osgi.internal.loader.BundleLoader.findLocalClass(BundleLoader.java:398) ~[org.eclipse.osgi_3.15.300.v20200520-1959.jar:na]
	at org.eclipse.osgi.internal.loader.BundleLoader.findClass(BundleLoader.java:477) ~[org.eclipse.osgi_3.15.300.v20200520-1959.jar:na]
	at org.eclipse.osgi.internal.loader.ModuleClassLoader.loadClass(ModuleClassLoader.java:171) ~[org.eclipse.osgi_3.15.300.v20200520-1959.jar:na]
	at java.base/java.lang.ClassLoader.loadClass(ClassLoader.java:522) ~[na:na]
	at org.eclipse.osgi.internal.framework.EquinoxBundle.loadClass(EquinoxBundle.java:620) ~[org.eclipse.osgi_3.15.300.v20200520-1959.jar:na]
	at org.eclipse.core.internal.registry.osgi.RegistryStrategyOSGI.createExecutableExtension(RegistryStrategyOSGI.java:196) ~[org.eclipse.equinox.registry_3.8.800.v20200406-0956.jar:na]
	at org.eclipse.core.internal.registry.ExtensionRegistry.createExecutableExtension(ExtensionRegistry.java:923) ~[org.eclipse.equinox.registry_3.8.800.v20200406-0956.jar:na]
	at org.eclipse.core.internal.registry.ConfigurationElement.createExecutableExtension(ConfigurationElement.java:246) ~[org.eclipse.equinox.registry_3.8.800.v20200406-0956.jar:na]
	at org.eclipse.core.internal.registry.ConfigurationElementHandle.createExecutableExtension(ConfigurationElementHandle.java:63) ~[org.eclipse.equinox.registry_3.8.800.v20200406-0956.jar:na]
	at org.eclipse.ui.internal.services.WorkbenchServiceRegistry.getSourceProviders(WorkbenchServiceRegistry.java:170) ~[na:na]
	at org.eclipse.ui.internal.services.SourceProviderService.readRegistry(SourceProviderService.java:104) ~[na:na]
	at org.eclipse.ui.internal.Workbench$34.runWithException(Workbench.java:2322) ~[na:na]
	at org.eclipse.ui.internal.StartupThreading$StartupRunnable.run(StartupThreading.java:36) ~[na:na]
	at org.eclipse.swt.widgets.Synchronizer.syncExec(Synchronizer.java:236) ~[org.eclipse.swt.win32.win32.x86_64_3.114.100.v20200604-0951.jar:na]
	at org.eclipse.ui.internal.UISynchronizer.syncExec(UISynchronizer.java:133) ~[na:na]
	at org.eclipse.swt.widgets.Display.syncExec(Display.java:4735) ~[org.eclipse.swt.win32.win32.x86_64_3.114.100.v20200604-0951.jar:na]
	at org.eclipse.ui.internal.StartupThreading.runWithoutExceptions(StartupThreading.java:94) ~[na:na]
	at org.eclipse.ui.internal.Workbench.initializeDefaultServices(Workbench.java:2317) ~[na:na]
	at org.eclipse.ui.internal.Workbench.init(Workbench.java:1640) ~[na:na]
	at org.eclipse.ui.internal.Workbench.runUI(Workbench.java:2793) ~[na:na]
	at org.eclipse.ui.internal.Workbench.lambda$3(Workbench.java:646) ~[na:na]
	at org.eclipse.core.databinding.observable.Realm.runWithDefault(Realm.java:338) ~[na:na]
	at org.eclipse.ui.internal.Workbench.createAndRunWorkbench(Workbench.java:557) ~[na:na]
	at org.eclipse.ui.PlatformUI.createAndRunWorkbench(PlatformUI.java:154) ~[na:na]
	at org.eclipse.ui.internal.ide.application.IDEApplication.start(IDEApplication.java:150) ~[na:na]
	at org.eclipse.equinox.internal.app.EclipseAppHandle.run(EclipseAppHandle.java:203) ~[org.eclipse.equinox.app_1.4.500.v20200422-1833.jar:na]
	at org.eclipse.core.runtime.internal.adaptor.EclipseAppLauncher.runApplication(EclipseAppLauncher.java:137) ~[org.eclipse.osgi_3.15.300.v20200520-1959.jar:na]
	at org.eclipse.core.runtime.internal.adaptor.EclipseAppLauncher.start(EclipseAppLauncher.java:107) ~[org.eclipse.osgi_3.15.300.v20200520-1959.jar:na]
	at org.eclipse.core.runtime.adaptor.EclipseStarter.run(EclipseStarter.java:401) ~[org.eclipse.osgi_3.15.300.v20200520-1959.jar:na]
	at org.eclipse.core.runtime.adaptor.EclipseStarter.run(EclipseStarter.java:255) ~[org.eclipse.osgi_3.15.300.v20200520-1959.jar:na]
	at java.base/jdk.internal.reflect.NativeMethodAccessorImpl.invoke0(Native Method) ~[na:na]
	at java.base/jdk.internal.reflect.NativeMethodAccessorImpl.invoke(NativeMethodAccessorImpl.java:62) ~[na:na]
	at java.base/jdk.internal.reflect.DelegatingMethodAccessorImpl.invoke(DelegatingMethodAccessorImpl.java:43) ~[na:na]
	at java.base/java.lang.reflect.Method.invoke(Method.java:564) ~[na:na]
	at org.eclipse.equinox.launcher.Main.invokeFramework(Main.java:657) ~[org.eclipse.equinox.launcher_1.5.700.v20200207-2156.jar:na]
	at org.eclipse.equinox.launcher.Main.basicRun(Main.java:594) ~[org.eclipse.equinox.launcher_1.5.700.v20200207-2156.jar:na]
	at org.eclipse.equinox.launcher.Main.run(Main.java:1447) ~[org.eclipse.equinox.launcher_1.5.700.v20200207-2156.jar:na]
	at org.eclipse.equinox.launcher.Main.main(Main.java:1420) ~[org.eclipse.equinox.launcher_1.5.700.v20200207-2156.jar:na]
2022-09-08 14:24:49,275 [Worker-5: Loading available Gradle versions] INFO  o.e.b.c.i.u.g.PublishedGradleVersions - Gradle version information cache is not available. Remote download required.
2022-09-08 15:02:18,339 [main] ERROR org.eclipse.jgit.util.SystemReader - Creating XDG_CONFIG_HOME directory H:\.config failed
java.nio.file.FileSystemException: H:\.config: Unable to determine if root directory exists
	at java.base/java.nio.file.Files.createDirectories(Files.java:776) ~[na:na]
	at org.eclipse.jgit.util.SystemReader$Default.getXDGConfigHome(SystemReader.java:120) ~[na:na]
	at org.eclipse.jgit.util.SystemReader$Default.openJGitConfig(SystemReader.java:131) ~[na:na]
	at org.eclipse.jgit.util.SystemReader.getJGitConfig(SystemReader.java:348) ~[na:na]
	at org.eclipse.jgit.util.SystemReader.getSystemConfig(SystemReader.java:373) ~[na:na]
	at org.eclipse.jgit.util.SystemReader.getUserConfig(SystemReader.java:321) ~[na:na]
	at org.eclipse.egit.core.Activator$EclipseSystemReader.getUserConfig(Activator.java:1177) ~[na:na]
	at org.eclipse.jgit.util.Monitoring.registerMBean(Monitoring.java:54) ~[na:na]
	at org.eclipse.jgit.internal.storage.file.WindowCache.<init>(WindowCache.java:474) ~[na:na]
	at org.eclipse.jgit.internal.storage.file.WindowCache.reconfigure(WindowCache.java:362) ~[na:na]
	at org.eclipse.jgit.internal.storage.file.WindowCache.<clinit>(WindowCache.java:343) ~[na:na]
	at org.eclipse.jgit.storage.file.WindowCacheConfig.install(WindowCacheConfig.java:304) ~[na:na]
	at org.eclipse.egit.core.project.GitProjectData.reconfigureWindowCache(GitProjectData.java:429) ~[na:na]
	at org.eclipse.egit.core.Activator.start(Activator.java:260) ~[na:na]
	at org.eclipse.osgi.internal.framework.BundleContextImpl$3.run(BundleContextImpl.java:843) ~[org.eclipse.osgi_3.15.300.v20200520-1959.jar:na]
	at org.eclipse.osgi.internal.framework.BundleContextImpl$3.run(BundleContextImpl.java:1) ~[org.eclipse.osgi_3.15.300.v20200520-1959.jar:na]
	at java.base/java.security.AccessController.doPrivileged(AccessController.java:554) ~[na:na]
	at org.eclipse.osgi.internal.framework.BundleContextImpl.startActivator(BundleContextImpl.java:835) ~[org.eclipse.osgi_3.15.300.v20200520-1959.jar:na]
	at org.eclipse.osgi.internal.framework.BundleContextImpl.start(BundleContextImpl.java:792) ~[org.eclipse.osgi_3.15.300.v20200520-1959.jar:na]
	at org.eclipse.osgi.internal.framework.EquinoxBundle.startWorker0(EquinoxBundle.java:1015) ~[org.eclipse.osgi_3.15.300.v20200520-1959.jar:na]
	at org.eclipse.osgi.internal.framework.EquinoxBundle$EquinoxModule.startWorker(EquinoxBundle.java:365) ~[org.eclipse.osgi_3.15.300.v20200520-1959.jar:na]
	at org.eclipse.osgi.container.Module.doStart(Module.java:605) ~[org.eclipse.osgi_3.15.300.v20200520-1959.jar:na]
	at org.eclipse.osgi.container.Module.start(Module.java:468) ~[org.eclipse.osgi_3.15.300.v20200520-1959.jar:na]
	at org.eclipse.osgi.framework.util.SecureAction.start(SecureAction.java:493) ~[org.eclipse.osgi_3.15.300.v20200520-1959.jar:na]
	at org.eclipse.osgi.internal.hooks.EclipseLazyStarter.postFindLocalClass(EclipseLazyStarter.java:117) ~[na:na]
	at org.eclipse.osgi.internal.loader.classpath.ClasspathManager.findLocalClass(ClasspathManager.java:571) ~[org.eclipse.osgi_3.15.300.v20200520-1959.jar:na]
	at org.eclipse.osgi.internal.loader.ModuleClassLoader.findLocalClass(ModuleClassLoader.java:346) ~[org.eclipse.osgi_3.15.300.v20200520-1959.jar:na]
	at org.eclipse.osgi.internal.loader.BundleLoader.findLocalClass(BundleLoader.java:398) ~[org.eclipse.osgi_3.15.300.v20200520-1959.jar:na]
	at org.eclipse.osgi.internal.loader.sources.SingleSourcePackage.loadClass(SingleSourcePackage.java:41) ~[org.eclipse.osgi_3.15.300.v20200520-1959.jar:na]
	at org.eclipse.osgi.internal.loader.BundleLoader.findClass(BundleLoader.java:456) ~[org.eclipse.osgi_3.15.300.v20200520-1959.jar:na]
	at org.eclipse.osgi.internal.loader.ModuleClassLoader.loadClass(ModuleClassLoader.java:171) ~[org.eclipse.osgi_3.15.300.v20200520-1959.jar:na]
	at java.base/java.lang.ClassLoader.loadClass(ClassLoader.java:522) ~[na:na]
	at org.eclipse.egit.ui.Activator$RepositoryChangeScanner.<init>(Activator.java:632) ~[na:na]
	at org.eclipse.egit.ui.Activator.setupRepoChangeScanner(Activator.java:897) ~[na:na]
	at org.eclipse.egit.ui.Activator.start(Activator.java:348) ~[na:na]
	at org.eclipse.osgi.internal.framework.BundleContextImpl$3.run(BundleContextImpl.java:843) ~[org.eclipse.osgi_3.15.300.v20200520-1959.jar:na]
	at org.eclipse.osgi.internal.framework.BundleContextImpl$3.run(BundleContextImpl.java:1) ~[org.eclipse.osgi_3.15.300.v20200520-1959.jar:na]
	at java.base/java.security.AccessController.doPrivileged(AccessController.java:554) ~[na:na]
	at org.eclipse.osgi.internal.framework.BundleContextImpl.startActivator(BundleContextImpl.java:835) ~[org.eclipse.osgi_3.15.300.v20200520-1959.jar:na]
	at org.eclipse.osgi.internal.framework.BundleContextImpl.start(BundleContextImpl.java:792) ~[org.eclipse.osgi_3.15.300.v20200520-1959.jar:na]
	at org.eclipse.osgi.internal.framework.EquinoxBundle.startWorker0(EquinoxBundle.java:1015) ~[org.eclipse.osgi_3.15.300.v20200520-1959.jar:na]
	at org.eclipse.osgi.internal.framework.EquinoxBundle$EquinoxModule.startWorker(EquinoxBundle.java:365) ~[org.eclipse.osgi_3.15.300.v20200520-1959.jar:na]
	at org.eclipse.osgi.container.Module.doStart(Module.java:605) ~[org.eclipse.osgi_3.15.300.v20200520-1959.jar:na]
	at org.eclipse.osgi.container.Module.start(Module.java:468) ~[org.eclipse.osgi_3.15.300.v20200520-1959.jar:na]
	at org.eclipse.osgi.framework.util.SecureAction.start(SecureAction.java:493) ~[org.eclipse.osgi_3.15.300.v20200520-1959.jar:na]
	at org.eclipse.osgi.internal.hooks.EclipseLazyStarter.postFindLocalClass(EclipseLazyStarter.java:117) ~[na:na]
	at org.eclipse.osgi.internal.loader.classpath.ClasspathManager.findLocalClass(ClasspathManager.java:571) ~[org.eclipse.osgi_3.15.300.v20200520-1959.jar:na]
	at org.eclipse.osgi.internal.loader.ModuleClassLoader.findLocalClass(ModuleClassLoader.java:346) ~[org.eclipse.osgi_3.15.300.v20200520-1959.jar:na]
	at org.eclipse.osgi.internal.loader.BundleLoader.findLocalClass(BundleLoader.java:398) ~[org.eclipse.osgi_3.15.300.v20200520-1959.jar:na]
	at org.eclipse.osgi.internal.loader.BundleLoader.findClass(BundleLoader.java:477) ~[org.eclipse.osgi_3.15.300.v20200520-1959.jar:na]
	at org.eclipse.osgi.internal.loader.ModuleClassLoader.loadClass(ModuleClassLoader.java:171) ~[org.eclipse.osgi_3.15.300.v20200520-1959.jar:na]
	at java.base/java.lang.ClassLoader.loadClass(ClassLoader.java:522) ~[na:na]
	at org.eclipse.osgi.internal.framework.EquinoxBundle.loadClass(EquinoxBundle.java:620) ~[org.eclipse.osgi_3.15.300.v20200520-1959.jar:na]
	at org.eclipse.core.internal.registry.osgi.RegistryStrategyOSGI.createExecutableExtension(RegistryStrategyOSGI.java:196) ~[org.eclipse.equinox.registry_3.8.800.v20200406-0956.jar:na]
	at org.eclipse.core.internal.registry.ExtensionRegistry.createExecutableExtension(ExtensionRegistry.java:923) ~[org.eclipse.equinox.registry_3.8.800.v20200406-0956.jar:na]
	at org.eclipse.core.internal.registry.ConfigurationElement.createExecutableExtension(ConfigurationElement.java:246) ~[org.eclipse.equinox.registry_3.8.800.v20200406-0956.jar:na]
	at org.eclipse.core.internal.registry.ConfigurationElementHandle.createExecutableExtension(ConfigurationElementHandle.java:63) ~[org.eclipse.equinox.registry_3.8.800.v20200406-0956.jar:na]
	at org.eclipse.ui.internal.services.WorkbenchServiceRegistry.getSourceProviders(WorkbenchServiceRegistry.java:170) ~[na:na]
	at org.eclipse.ui.internal.services.SourceProviderService.readRegistry(SourceProviderService.java:104) ~[na:na]
	at org.eclipse.ui.internal.Workbench$34.runWithException(Workbench.java:2322) ~[na:na]
	at org.eclipse.ui.internal.StartupThreading$StartupRunnable.run(StartupThreading.java:36) ~[na:na]
	at org.eclipse.swt.widgets.Synchronizer.syncExec(Synchronizer.java:236) ~[org.eclipse.swt.win32.win32.x86_64_3.114.100.v20200604-0951.jar:na]
	at org.eclipse.ui.internal.UISynchronizer.syncExec(UISynchronizer.java:133) ~[na:na]
	at org.eclipse.swt.widgets.Display.syncExec(Display.java:4735) ~[org.eclipse.swt.win32.win32.x86_64_3.114.100.v20200604-0951.jar:na]
	at org.eclipse.ui.internal.StartupThreading.runWithoutExceptions(StartupThreading.java:94) ~[na:na]
	at org.eclipse.ui.internal.Workbench.initializeDefaultServices(Workbench.java:2317) ~[na:na]
	at org.eclipse.ui.internal.Workbench.init(Workbench.java:1640) ~[na:na]
	at org.eclipse.ui.internal.Workbench.runUI(Workbench.java:2793) ~[na:na]
	at org.eclipse.ui.internal.Workbench.lambda$3(Workbench.java:646) ~[na:na]
	at org.eclipse.core.databinding.observable.Realm.runWithDefault(Realm.java:338) ~[na:na]
	at org.eclipse.ui.internal.Workbench.createAndRunWorkbench(Workbench.java:557) ~[na:na]
	at org.eclipse.ui.PlatformUI.createAndRunWorkbench(PlatformUI.java:154) ~[na:na]
	at org.eclipse.ui.internal.ide.application.IDEApplication.start(IDEApplication.java:150) ~[na:na]
	at org.eclipse.equinox.internal.app.EclipseAppHandle.run(EclipseAppHandle.java:203) ~[org.eclipse.equinox.app_1.4.500.v20200422-1833.jar:na]
	at org.eclipse.core.runtime.internal.adaptor.EclipseAppLauncher.runApplication(EclipseAppLauncher.java:137) ~[org.eclipse.osgi_3.15.300.v20200520-1959.jar:na]
	at org.eclipse.core.runtime.internal.adaptor.EclipseAppLauncher.start(EclipseAppLauncher.java:107) ~[org.eclipse.osgi_3.15.300.v20200520-1959.jar:na]
	at org.eclipse.core.runtime.adaptor.EclipseStarter.run(EclipseStarter.java:401) ~[org.eclipse.osgi_3.15.300.v20200520-1959.jar:na]
	at org.eclipse.core.runtime.adaptor.EclipseStarter.run(EclipseStarter.java:255) ~[org.eclipse.osgi_3.15.300.v20200520-1959.jar:na]
	at java.base/jdk.internal.reflect.NativeMethodAccessorImpl.invoke0(Native Method) ~[na:na]
	at java.base/jdk.internal.reflect.NativeMethodAccessorImpl.invoke(NativeMethodAccessorImpl.java:62) ~[na:na]
	at java.base/jdk.internal.reflect.DelegatingMethodAccessorImpl.invoke(DelegatingMethodAccessorImpl.java:43) ~[na:na]
	at java.base/java.lang.reflect.Method.invoke(Method.java:564) ~[na:na]
	at org.eclipse.equinox.launcher.Main.invokeFramework(Main.java:657) ~[org.eclipse.equinox.launcher_1.5.700.v20200207-2156.jar:na]
	at org.eclipse.equinox.launcher.Main.basicRun(Main.java:594) ~[org.eclipse.equinox.launcher_1.5.700.v20200207-2156.jar:na]
	at org.eclipse.equinox.launcher.Main.run(Main.java:1447) ~[org.eclipse.equinox.launcher_1.5.700.v20200207-2156.jar:na]
	at org.eclipse.equinox.launcher.Main.main(Main.java:1420) ~[org.eclipse.equinox.launcher_1.5.700.v20200207-2156.jar:na]
2022-09-08 15:02:22,625 [Worker-2: Loading available Gradle versions] INFO  o.e.b.c.i.u.g.PublishedGradleVersions - Gradle version information cache is up-to-date. Trying to read.
2022-09-08 15:08:32,656 [Worker-3: Loading available Gradle versions] INFO  o.e.b.c.i.u.g.PublishedGradleVersions - Gradle version information cache is up-to-date. Trying to read.
2022-09-08 15:12:15,932 [Worker-4: Loading available Gradle versions] INFO  o.e.b.c.i.u.g.PublishedGradleVersions - Gradle version information cache is up-to-date. Trying to read.
2022-09-08 15:25:24,824 [Worker-3: Loading available Gradle versions] INFO  o.e.b.c.i.u.g.PublishedGradleVersions - Gradle version information cache is up-to-date. Trying to read.
2022-09-08 15:52:06,311 [Worker-6: Loading available Gradle versions] INFO  o.e.b.c.i.u.g.PublishedGradleVersions - Gradle version information cache is up-to-date. Trying to read.
2022-09-08 16:00:04,884 [Worker-6: Loading available Gradle versions] INFO  o.e.b.c.i.u.g.PublishedGradleVersions - Gradle version information cache is up-to-date. Trying to read.
2022-09-08 16:00:22,869 [Worker-4: Loading available Gradle versions] INFO  o.e.b.c.i.u.g.PublishedGradleVersions - Gradle version information cache is up-to-date. Trying to read.
2022-09-08 16:02:13,813 [Worker-7: Loading available Gradle versions] INFO  o.e.b.c.i.u.g.PublishedGradleVersions - Gradle version information cache is up-to-date. Trying to read.
2022-09-08 16:02:37,165 [Worker-7: Loading available Gradle versions] INFO  o.e.b.c.i.u.g.PublishedGradleVersions - Gradle version information cache is up-to-date. Trying to read.
2022-09-08 16:04:26,575 [Worker-1: Loading available Gradle versions] INFO  o.e.b.c.i.u.g.PublishedGradleVersions - Gradle version information cache is up-to-date. Trying to read.
2022-09-08 16:06:39,211 [Worker-6: Loading available Gradle versions] INFO  o.e.b.c.i.u.g.PublishedGradleVersions - Gradle version information cache is up-to-date. Trying to read.
2022-09-08 16:10:12,380 [Worker-1: Loading available Gradle versions] INFO  o.e.b.c.i.u.g.PublishedGradleVersions - Gradle version information cache is up-to-date. Trying to read.
2022-09-08 16:17:56,333 [Worker-6: Loading available Gradle versions] INFO  o.e.b.c.i.u.g.PublishedGradleVersions - Gradle version information cache is up-to-date. Trying to read.
2022-09-09 09:33:50,802 [Worker-5: Loading available Gradle versions] INFO  o.e.b.c.i.u.g.PublishedGradleVersions - Gradle version information cache is out-of-date. Trying to update.
2022-09-10 19:07:24,694 [Worker-3: Loading available Gradle versions] INFO  o.e.b.c.i.u.g.PublishedGradleVersions - Gradle version information cache is out-of-date. Trying to update.
2022-09-11 13:40:46,551 [Worker-6: Loading available Gradle versions] INFO  o.e.b.c.i.u.g.PublishedGradleVersions - Gradle version information cache is up-to-date. Trying to read.
2022-09-12 08:35:54,105 [Worker-7: Loading available Gradle versions] INFO  o.e.b.c.i.u.g.PublishedGradleVersions - Gradle version information cache is up-to-date. Trying to read.
2022-09-13 08:26:37,404 [Worker-6: Loading available Gradle versions] INFO  o.e.b.c.i.u.g.PublishedGradleVersions - Gradle version information cache is out-of-date. Trying to update.
2022-09-13 10:48:46,055 [Worker-6: Loading available Gradle versions] INFO  o.e.b.c.i.u.g.PublishedGradleVersions - Gradle version information cache is up-to-date. Trying to read.
2022-09-13 14:41:41,322 [Worker-5: Loading available Gradle versions] INFO  o.e.b.c.i.u.g.PublishedGradleVersions - Gradle version information cache is up-to-date. Trying to read.
2022-09-14 07:35:05,030 [Worker-4: Loading available Gradle versions] INFO  o.e.b.c.i.u.g.PublishedGradleVersions - Gradle version information cache is up-to-date. Trying to read.
2022-09-14 11:18:55,032 [Worker-5: Loading available Gradle versions] INFO  o.e.b.c.i.u.g.PublishedGradleVersions - Gradle version information cache is out-of-date. Trying to update.
2022-09-14 18:48:03,277 [Worker-6: Loading available Gradle versions] INFO  o.e.b.c.i.u.g.PublishedGradleVersions - Gradle version information cache is up-to-date. Trying to read.
2022-09-14 19:57:52,147 [Worker-4: Loading available Gradle versions] INFO  o.e.b.c.i.u.g.PublishedGradleVersions - Gradle version information cache is up-to-date. Trying to read.
2022-09-14 21:42:42,324 [Worker-8: Loading available Gradle versions] INFO  o.e.b.c.i.u.g.PublishedGradleVersions - Gradle version information cache is up-to-date. Trying to read.
2022-09-14 21:54:59,098 [Worker-4: Loading available Gradle versions] INFO  o.e.b.c.i.u.g.PublishedGradleVersions - Gradle version information cache is up-to-date. Trying to read.
2022-09-14 22:12:47,887 [Worker-7: Loading available Gradle versions] INFO  o.e.b.c.i.u.g.PublishedGradleVersions - Gradle version information cache is up-to-date. Trying to read.
2022-09-15 15:02:20,856 [Worker-3: Loading available Gradle versions] INFO  o.e.b.c.i.u.g.PublishedGradleVersions - Gradle version information cache is out-of-date. Trying to update.
2022-09-15 17:01:21,421 [Worker-6: Loading available Gradle versions] INFO  o.e.b.c.i.u.g.PublishedGradleVersions - Gradle version information cache is up-to-date. Trying to read.
2022-09-19 08:28:04,651 [Worker-5: Loading available Gradle versions] INFO  o.e.b.c.i.u.g.PublishedGradleVersions - Gradle version information cache is out-of-date. Trying to update.
2022-09-20 09:40:17,066 [Worker-4: Loading available Gradle versions] INFO  o.e.b.c.i.u.g.PublishedGradleVersions - Gradle version information cache is out-of-date. Trying to update.
2022-09-20 12:48:53,395 [Worker-3: Loading available Gradle versions] INFO  o.e.b.c.i.u.g.PublishedGradleVersions - Gradle version information cache is up-to-date. Trying to read.
2022-09-20 17:33:02,459 [Worker-6: Loading available Gradle versions] INFO  o.e.b.c.i.u.g.PublishedGradleVersions - Gradle version information cache is up-to-date. Trying to read.
2022-09-20 17:51:46,077 [Worker-3: Loading available Gradle versions] INFO  o.e.b.c.i.u.g.PublishedGradleVersions - Gradle version information cache is up-to-date. Trying to read.
2022-09-21 10:54:58,385 [Worker-6: Loading available Gradle versions] INFO  o.e.b.c.i.u.g.PublishedGradleVersions - Gradle version information cache is out-of-date. Trying to update.
2022-09-22 14:56:40,868 [Worker-3: Loading available Gradle versions] INFO  o.e.b.c.i.u.g.PublishedGradleVersions - Gradle version information cache is out-of-date. Trying to update.
2022-09-26 08:46:31,425 [Worker-7: Loading available Gradle versions] INFO  o.e.b.c.i.u.g.PublishedGradleVersions - Gradle version information cache is out-of-date. Trying to update.
2022-09-26 17:39:39,790 [Worker-4: Loading available Gradle versions] INFO  o.e.b.c.i.u.g.PublishedGradleVersions - Gradle version information cache is up-to-date. Trying to read.
2022-09-26 18:44:46,080 [Worker-4: Loading available Gradle versions] INFO  o.e.b.c.i.u.g.PublishedGradleVersions - Gradle version information cache is up-to-date. Trying to read.
2022-09-27 11:55:18,691 [Worker-3: Loading available Gradle versions] INFO  o.e.b.c.i.u.g.PublishedGradleVersions - Gradle version information cache is out-of-date. Trying to update.
2022-09-27 12:12:39,001 [Worker-0: Loading available Gradle versions] INFO  o.e.b.c.i.u.g.PublishedGradleVersions - Gradle version information cache is up-to-date. Trying to read.
2022-09-27 12:26:59,961 [Worker-3: Loading available Gradle versions] INFO  o.e.b.c.i.u.g.PublishedGradleVersions - Gradle version information cache is up-to-date. Trying to read.
2022-09-27 12:37:03,388 [Worker-5: Loading available Gradle versions] INFO  o.e.b.c.i.u.g.PublishedGradleVersions - Gradle version information cache is up-to-date. Trying to read.
2022-09-28 07:40:21,586 [Worker-6: Loading available Gradle versions] INFO  o.e.b.c.i.u.g.PublishedGradleVersions - Gradle version information cache is up-to-date. Trying to read.
2022-09-29 15:01:57,812 [Worker-4: Loading available Gradle versions] INFO  o.e.b.c.i.u.g.PublishedGradleVersions - Gradle version information cache is out-of-date. Trying to update.
2022-09-29 15:07:08,971 [Worker-7: Loading available Gradle versions] INFO  o.e.b.c.i.u.g.PublishedGradleVersions - Gradle version information cache is up-to-date. Trying to read.
2022-09-29 15:17:34,756 [Worker-6: Loading available Gradle versions] INFO  o.e.b.c.i.u.g.PublishedGradleVersions - Gradle version information cache is up-to-date. Trying to read.
2022-09-29 18:44:35,513 [Worker-6: Loading available Gradle versions] INFO  o.e.b.c.i.u.g.PublishedGradleVersions - Gradle version information cache is up-to-date. Trying to read.
2022-09-29 19:43:36,630 [Worker-6: Loading available Gradle versions] INFO  o.e.b.c.i.u.g.PublishedGradleVersions - Gradle version information cache is up-to-date. Trying to read.
2022-10-02 18:12:50,981 [Worker-3: Loading available Gradle versions] INFO  o.e.b.c.i.u.g.PublishedGradleVersions - Gradle version information cache is out-of-date. Trying to update.
2022-10-04 08:44:14,780 [Worker-5: Loading available Gradle versions] INFO  o.e.b.c.i.u.g.PublishedGradleVersions - Gradle version information cache is out-of-date. Trying to update.
2022-10-04 09:09:27,518 [Worker-5: Loading available Gradle versions] INFO  o.e.b.c.i.u.g.PublishedGradleVersions - Gradle version information cache is up-to-date. Trying to read.
2022-10-04 15:42:47,860 [Worker-4: Loading available Gradle versions] INFO  o.e.b.c.i.u.g.PublishedGradleVersions - Gradle version information cache is up-to-date. Trying to read.
2022-10-04 16:19:26,945 [Worker-4: Loading available Gradle versions] INFO  o.e.b.c.i.u.g.PublishedGradleVersions - Gradle version information cache is up-to-date. Trying to read.
2022-10-06 12:18:33,837 [Worker-5: Loading available Gradle versions] INFO  o.e.b.c.i.u.g.PublishedGradleVersions - Gradle version information cache is out-of-date. Trying to update.
2022-10-06 15:02:06,191 [Worker-6: Loading available Gradle versions] INFO  o.e.b.c.i.u.g.PublishedGradleVersions - Gradle version information cache is up-to-date. Trying to read.
2022-10-06 18:26:10,616 [Worker-5: Loading available Gradle versions] INFO  o.e.b.c.i.u.g.PublishedGradleVersions - Gradle version information cache is up-to-date. Trying to read.
2022-10-06 18:28:35,660 [Worker-5: Loading available Gradle versions] INFO  o.e.b.c.i.u.g.PublishedGradleVersions - Gradle version information cache is up-to-date. Trying to read.
2022-10-06 19:20:12,742 [Worker-6: Loading available Gradle versions] INFO  o.e.b.c.i.u.g.PublishedGradleVersions - Gradle version information cache is up-to-date. Trying to read.
2022-10-08 10:11:52,748 [Worker-4: Loading available Gradle versions] INFO  o.e.b.c.i.u.g.PublishedGradleVersions - Gradle version information cache is out-of-date. Trying to update.
2022-10-08 10:26:53,365 [Worker-5: Loading available Gradle versions] INFO  o.e.b.c.i.u.g.PublishedGradleVersions - Gradle version information cache is up-to-date. Trying to read.
2022-10-13 12:49:08,038 [Worker-4: Loading available Gradle versions] INFO  o.e.b.c.i.u.g.PublishedGradleVersions - Gradle version information cache is out-of-date. Trying to update.
2022-10-13 16:26:00,404 [Worker-5: Loading available Gradle versions] INFO  o.e.b.c.i.u.g.PublishedGradleVersions - Gradle version information cache is up-to-date. Trying to read.
2022-10-17 08:45:23,310 [Worker-6: Loading available Gradle versions] INFO  o.e.b.c.i.u.g.PublishedGradleVersions - Gradle version information cache is out-of-date. Trying to update.
2022-10-17 17:29:19,870 [Worker-5: Loading available Gradle versions] INFO  o.e.b.c.i.u.g.PublishedGradleVersions - Gradle version information cache is up-to-date. Trying to read.
2022-10-18 08:39:39,569 [Worker-3: Loading available Gradle versions] INFO  o.e.b.c.i.u.g.PublishedGradleVersions - Gradle version information cache is up-to-date. Trying to read.
2022-10-18 10:55:30,797 [Worker-4: Loading available Gradle versions] INFO  o.e.b.c.i.u.g.PublishedGradleVersions - Gradle version information cache is out-of-date. Trying to update.
2022-10-18 14:14:25,387 [Worker-4: Loading available Gradle versions] INFO  o.e.b.c.i.u.g.PublishedGradleVersions - Gradle version information cache is up-to-date. Trying to read.
2022-10-19 07:40:44,423 [Worker-8: Loading available Gradle versions] INFO  o.e.b.c.i.u.g.PublishedGradleVersions - Gradle version information cache is up-to-date. Trying to read.
2022-10-20 15:08:28,931 [Worker-6: Loading available Gradle versions] INFO  o.e.b.c.i.u.g.PublishedGradleVersions - Gradle version information cache is out-of-date. Trying to update.
2022-10-21 17:54:03,083 [Worker-6: Loading available Gradle versions] INFO  o.e.b.c.i.u.g.PublishedGradleVersions - Gradle version information cache is out-of-date. Trying to update.
2022-10-24 10:22:57,141 [Worker-4: Loading available Gradle versions] INFO  o.e.b.c.i.u.g.PublishedGradleVersions - Gradle version information cache is out-of-date. Trying to update.
2022-10-25 13:17:16,669 [Worker-0: Loading available Gradle versions] INFO  o.e.b.c.i.u.g.PublishedGradleVersions - Gradle version information cache is out-of-date. Trying to update.
2022-10-25 17:35:04,293 [Worker-6: Loading available Gradle versions] INFO  o.e.b.c.i.u.g.PublishedGradleVersions - Gradle version information cache is up-to-date. Trying to read.
2022-10-26 07:33:33,098 [Worker-6: Loading available Gradle versions] INFO  o.e.b.c.i.u.g.PublishedGradleVersions - Gradle version information cache is up-to-date. Trying to read.
2022-10-27 14:02:08,209 [Worker-4: Loading available Gradle versions] INFO  o.e.b.c.i.u.g.PublishedGradleVersions - Gradle version information cache is out-of-date. Trying to update.
2022-10-27 14:59:09,787 [Worker-7: Loading available Gradle versions] INFO  o.e.b.c.i.u.g.PublishedGradleVersions - Gradle version information cache is up-to-date. Trying to read.
2022-10-29 11:10:02,912 [Worker-5: Loading available Gradle versions] INFO  o.e.b.c.i.u.g.PublishedGradleVersions - Gradle version information cache is out-of-date. Trying to update.
2022-10-30 09:26:15,264 [Worker-7: Loading available Gradle versions] INFO  o.e.b.c.i.u.g.PublishedGradleVersions - Gradle version information cache is up-to-date. Trying to read.
2022-10-31 08:35:51,702 [Worker-2: Loading available Gradle versions] INFO  o.e.b.c.i.u.g.PublishedGradleVersions - Gradle version information cache is out-of-date. Trying to update.
2022-11-03 11:20:34,253 [Worker-3: Loading available Gradle versions] INFO  o.e.b.c.i.u.g.PublishedGradleVersions - Gradle version information cache is out-of-date. Trying to update.
2022-11-03 14:12:47,698 [Worker-4: Loading available Gradle versions] INFO  o.e.b.c.i.u.g.PublishedGradleVersions - Gradle version information cache is up-to-date. Trying to read.
2022-11-03 15:08:33,017 [Worker-4: Loading available Gradle versions] INFO  o.e.b.c.i.u.g.PublishedGradleVersions - Gradle version information cache is up-to-date. Trying to read.
2022-11-05 13:23:58,972 [Worker-2: Loading available Gradle versions] INFO  o.e.b.c.i.u.g.PublishedGradleVersions - Gradle version information cache is out-of-date. Trying to update.
2022-11-06 09:33:33,991 [Worker-6: Loading available Gradle versions] INFO  o.e.b.c.i.u.g.PublishedGradleVersions - Gradle version information cache is up-to-date. Trying to read.
2022-11-07 09:04:09,913 [Worker-5: Loading available Gradle versions] INFO  o.e.b.c.i.u.g.PublishedGradleVersions - Gradle version information cache is out-of-date. Trying to update.
2022-11-10 15:12:05,847 [Worker-6: Loading available Gradle versions] INFO  o.e.b.c.i.u.g.PublishedGradleVersions - Gradle version information cache is out-of-date. Trying to update.
2022-11-11 08:32:41,051 [Worker-7: Loading available Gradle versions] INFO  o.e.b.c.i.u.g.PublishedGradleVersions - Gradle version information cache is up-to-date. Trying to read.
2022-11-12 11:05:09,655 [Worker-6: Loading available Gradle versions] INFO  o.e.b.c.i.u.g.PublishedGradleVersions - Gradle version information cache is out-of-date. Trying to update.
2022-11-12 16:17:52,655 [Worker-5: Loading available Gradle versions] INFO  o.e.b.c.i.u.g.PublishedGradleVersions - Gradle version information cache is up-to-date. Trying to read.
2022-11-13 14:33:59,372 [Worker-6: Loading available Gradle versions] INFO  o.e.b.c.i.u.g.PublishedGradleVersions - Gradle version information cache is out-of-date. Trying to update.
2022-11-14 08:33:17,947 [Worker-6: Loading available Gradle versions] INFO  o.e.b.c.i.u.g.PublishedGradleVersions - Gradle version information cache is up-to-date. Trying to read.
2022-11-14 08:45:06,275 [Worker-6: Loading available Gradle versions] INFO  o.e.b.c.i.u.g.PublishedGradleVersions - Gradle version information cache is up-to-date. Trying to read.
2022-11-14 09:34:25,899 [Worker-5: Loading available Gradle versions] INFO  o.e.b.c.i.u.g.PublishedGradleVersions - Gradle version information cache is up-to-date. Trying to read.
2022-11-15 09:17:32,689 [Worker-3: Loading available Gradle versions] INFO  o.e.b.c.i.u.g.PublishedGradleVersions - Gradle version information cache is out-of-date. Trying to update.
2022-11-15 11:01:50,836 [Worker-4: Loading available Gradle versions] INFO  o.e.b.c.i.u.g.PublishedGradleVersions - Gradle version information cache is up-to-date. Trying to read.
2022-11-15 12:54:51,478 [Worker-6: Loading available Gradle versions] INFO  o.e.b.c.i.u.g.PublishedGradleVersions - Gradle version information cache is up-to-date. Trying to read.
2022-11-15 16:24:16,541 [Worker-2: Loading available Gradle versions] INFO  o.e.b.c.i.u.g.PublishedGradleVersions - Gradle version information cache is up-to-date. Trying to read.
2022-11-15 17:23:54,026 [Worker-6: Loading available Gradle versions] INFO  o.e.b.c.i.u.g.PublishedGradleVersions - Gradle version information cache is up-to-date. Trying to read.
2022-11-16 07:48:35,992 [Worker-4: Loading available Gradle versions] INFO  o.e.b.c.i.u.g.PublishedGradleVersions - Gradle version information cache is up-to-date. Trying to read.
2022-11-17 17:05:29,505 [Worker-5: Loading available Gradle versions] INFO  o.e.b.c.i.u.g.PublishedGradleVersions - Gradle version information cache is out-of-date. Trying to update.
2022-11-17 19:12:24,311 [Worker-5: Loading available Gradle versions] INFO  o.e.b.c.i.u.g.PublishedGradleVersions - Gradle version information cache is up-to-date. Trying to read.
2022-11-22 11:39:01,584 [Worker-5: Loading available Gradle versions] INFO  o.e.b.c.i.u.g.PublishedGradleVersions - Gradle version information cache is out-of-date. Trying to update.
2022-11-22 14:18:29,738 [Worker-5: Loading available Gradle versions] INFO  o.e.b.c.i.u.g.PublishedGradleVersions - Gradle version information cache is up-to-date. Trying to read.
2022-11-24 15:07:41,122 [Worker-6: Loading available Gradle versions] INFO  o.e.b.c.i.u.g.PublishedGradleVersions - Gradle version information cache is out-of-date. Trying to update.
2022-11-24 21:14:50,995 [Worker-2: Loading available Gradle versions] INFO  o.e.b.c.i.u.g.PublishedGradleVersions - Gradle version information cache is up-to-date. Trying to read.
2022-11-28 10:59:33,044 [Worker-6: Loading available Gradle versions] INFO  o.e.b.c.i.u.g.PublishedGradleVersions - Gradle version information cache is out-of-date. Trying to update.
2022-11-28 11:22:29,834 [Worker-4: Loading available Gradle versions] INFO  o.e.b.c.i.u.g.PublishedGradleVersions - Gradle version information cache is up-to-date. Trying to read.
2022-11-29 11:35:22,349 [Worker-3: Loading available Gradle versions] INFO  o.e.b.c.i.u.g.PublishedGradleVersions - Gradle version information cache is out-of-date. Trying to update.
2022-11-29 12:13:40,710 [Worker-6: Loading available Gradle versions] INFO  o.e.b.c.i.u.g.PublishedGradleVersions - Gradle version information cache is up-to-date. Trying to read.
2022-11-29 12:28:16,854 [Worker-3: Loading available Gradle versions] INFO  o.e.b.c.i.u.g.PublishedGradleVersions - Gradle version information cache is up-to-date. Trying to read.
2022-12-01 14:12:41,508 [Worker-2: Loading available Gradle versions] INFO  o.e.b.c.i.u.g.PublishedGradleVersions - Gradle version information cache is out-of-date. Trying to update.
2022-12-01 15:10:50,008 [Worker-5: Loading available Gradle versions] INFO  o.e.b.c.i.u.g.PublishedGradleVersions - Gradle version information cache is up-to-date. Trying to read.
2022-12-01 16:53:44,772 [Worker-1: Loading available Gradle versions] INFO  o.e.b.c.i.u.g.PublishedGradleVersions - Gradle version information cache is up-to-date. Trying to read.
2022-12-04 10:56:34,437 [Worker-1: Loading available Gradle versions] INFO  o.e.b.c.i.u.g.PublishedGradleVersions - Gradle version information cache is out-of-date. Trying to update.
2022-12-05 08:40:23,120 [Worker-5: Loading available Gradle versions] INFO  o.e.b.c.i.u.g.PublishedGradleVersions - Gradle version information cache is up-to-date. Trying to read.
2022-12-12 08:32:12,343 [Worker-6: Loading available Gradle versions] INFO  o.e.b.c.i.u.g.PublishedGradleVersions - Gradle version information cache is up-to-date. Trying to read.
2023-01-19 11:31:22,888 [Worker-6: Loading available Gradle versions] INFO  o.e.b.c.i.u.g.PublishedGradleVersions - Gradle version information cache is out-of-date. Trying to update.
2023-01-23 11:15:49,812 [Worker-6: Loading available Gradle versions] INFO  o.e.b.c.i.u.g.PublishedGradleVersions - Gradle version information cache is out-of-date. Trying to update.
2023-01-24 15:06:30,386 [Worker-5: Loading available Gradle versions] INFO  o.e.b.c.i.u.g.PublishedGradleVersions - Gradle version information cache is out-of-date. Trying to update.
2023-01-24 16:00:28,074 [Worker-3: Loading available Gradle versions] INFO  o.e.b.c.i.u.g.PublishedGradleVersions - Gradle version information cache is up-to-date. Trying to read.
2023-01-24 16:01:44,150 [Worker-3: Loading available Gradle versions] INFO  o.e.b.c.i.u.g.PublishedGradleVersions - Gradle version information cache is up-to-date. Trying to read.
2023-01-31 16:45:43,349 [Worker-3: Loading available Gradle versions] INFO  o.e.b.c.i.u.g.PublishedGradleVersions - Gradle version information cache is up-to-date. Trying to read.
2023-02-02 20:32:17,047 [Worker-4: Loading available Gradle versions] INFO  o.e.b.c.i.u.g.PublishedGradleVersions - Gradle version information cache is out-of-date. Trying to update.
2023-02-03 22:06:21,474 [Worker-3: Loading available Gradle versions] INFO  o.e.b.c.i.u.g.PublishedGradleVersions - Gradle version information cache is up-to-date. Trying to read.
2023-03-06 12:38:08,722 [Worker-6: Loading available Gradle versions] INFO  o.e.b.c.i.u.g.PublishedGradleVersions - Gradle version information cache is up-to-date. Trying to read.
2023-03-30 19:25:54,429 [Worker-7: Loading available Gradle versions] INFO  o.e.b.c.i.u.g.PublishedGradleVersions - Gradle version information cache is up-to-date. Trying to read.
